<?xml version="1.0" encoding="UTF-8"?>
<!-- Generated by org.testng.reporters.JUnitXMLReporter -->
<testsuite hostname="EPBYMINW3159" name="MailRuTestViaCucumberAndTestNG" tests="1" failures="1" timestamp="20 Aug 2018 16:39:19 GMT" time="10.34" errors="0">
  <testcase name="feature" time="9.988" classname="stepdefinitions.Runner">
    <failure type="java.lang.StringIndexOutOfBoundsException" message="String index out of range: -22">
      <![CDATA[java.lang.StringIndexOutOfBoundsException: String index out of range: -22
	at java.lang.String.substring(Unknown Source)
	at gherkin.formatter.StepPrinter.writeStep(StepPrinter.java:11)
	at gherkin.formatter.PrettyFormatter.printStep(PrettyFormatter.java:259)
	at gherkin.formatter.PrettyFormatter.printSteps(PrettyFormatter.java:130)
	at gherkin.formatter.PrettyFormatter.replay(PrettyFormatter.java:121)
	at gherkin.formatter.PrettyFormatter.background(PrettyFormatter.java:92)
	at cucumber.runtime.Utils$1.call(Utils.java:40)
	at cucumber.runtime.Timeout.timeout(Timeout.java:16)
	at cucumber.runtime.Utils.invoke(Utils.java:34)
	at cucumber.runtime.RuntimeOptions$1.invoke(RuntimeOptions.java:294)
	at com.sun.proxy.$Proxy17.background(Unknown Source)
	at gherkin.formatter.model.Background.replay(Background.java:16)
	at cucumber.runtime.model.StepContainer.format(StepContainer.java:31)
	at cucumber.runtime.model.CucumberScenario.runBackground(CucumberScenario.java:58)
	at cucumber.runtime.model.CucumberScenario.run(CucumberScenario.java:42)
	at cucumber.runtime.model.CucumberScenarioOutline.run(CucumberScenarioOutline.java:46)
	at cucumber.runtime.model.CucumberFeature.run(CucumberFeature.java:165)
	at cucumber.api.testng.TestNGCucumberRunner.runCucumber(TestNGCucumberRunner.java:63)
	at cucumber.api.testng.AbstractTestNGCucumberTests.feature(AbstractTestNGCucumberTests.java:21)
... Removed 28 stack frames]]>
    </failure>
  </testcase> <!-- feature -->
</testsuite> <!-- MailRuTestViaCucumberAndTestNG -->
